/*C12*/SET SCHEMA PUBLIC
INSERT INTO TRANSACTION VALUES('ea103a21-61a9-4b2b-8591-edbf3b4f959c',1520,'Nathan','2021-07-20 09:22:35.380844',4444444.00)
COMMIT
INSERT INTO TRANSACTION VALUES('2b78e7f3-30b0-46d8-8e8c-d46531e70b81',111,'juao','2021-07-20 09:26:06.002315',3000.00)
COMMIT
INSERT INTO TRANSACTION VALUES('60958213-4d82-46bc-b3fc-363c051f466d',2000,'teste','2021-07-20 09:27:57.822174',564.00)
COMMIT
INSERT INTO TRANSACTION VALUES('0905e4a1-3408-4906-a2a8-7cc74f7f8676',111,'juao','2021-07-20 09:49:47.934380',1233.00)
COMMIT
/*C18*/SET SCHEMA PUBLIC
DISCONNECT
/*C19*/SET SCHEMA PUBLIC
DISCONNECT
/*C15*/SET SCHEMA PUBLIC
DISCONNECT
/*C16*/SET SCHEMA PUBLIC
DISCONNECT
/*C13*/SET SCHEMA PUBLIC
DISCONNECT
/*C20*/SET SCHEMA PUBLIC
DISCONNECT
/*C14*/SET SCHEMA PUBLIC
DISCONNECT
/*C17*/SET SCHEMA PUBLIC
DISCONNECT
/*C12*/DISCONNECT
/*C21*/SET SCHEMA PUBLIC
DISCONNECT
/*C22*/SET SCHEMA PUBLIC
INSERT INTO TRANSACTION VALUES('4ce2fd6a-dc07-4122-94c1-b4691ba78918',2000,'teste','2021-07-20 09:57:53.066213',44.00)
COMMIT
